<?xml version="1.0" encoding="UTF-8"?>
<testng-results ignored="0" total="1" passed="1" failed="0" skipped="0">
  <reporter-output>
  </reporter-output>
  <suite started-at="2023-06-10T23:42:42 IST" name="Default suite" finished-at="2023-06-10T23:42:52 IST" duration-ms="9858">
    <groups>
    </groups>
    <test started-at="2023-06-10T23:42:42 IST" name="Default test" finished-at="2023-06-10T23:42:52 IST" duration-ms="9858">
      <class name="testCases.TC_001_AccountRegistrationTest">
        <test-method is-config="true" signature="setup()[pri:0, instance:testCases.TC_001_AccountRegistrationTest@5b7a5baa]" started-at="2023-06-10T23:42:42 IST" name="setup" finished-at="2023-06-10T23:42:47 IST" duration-ms="4813" status="PASS">
          <reporter-output>
          </reporter-output>
        </test-method> <!-- setup -->
        <test-method signature="test_account_Registration()[pri:0, instance:testCases.TC_001_AccountRegistrationTest@5b7a5baa]" started-at="2023-06-10T23:42:47 IST" name="test_account_Registration" finished-at="2023-06-10T23:42:52 IST" duration-ms="4595" status="PASS">
          <reporter-output>
          </reporter-output>
        </test-method> <!-- test_account_Registration -->
        <test-method is-config="true" signature="tearDown()[pri:0, instance:testCases.TC_001_AccountRegistrationTest@5b7a5baa]" started-at="2023-06-10T23:42:52 IST" name="tearDown" finished-at="2023-06-10T23:42:52 IST" duration-ms="398" status="PASS">
          <reporter-output>
          </reporter-output>
        </test-method> <!-- tearDown -->
      </class> <!-- testCases.TC_001_AccountRegistrationTest -->
    </test> <!-- Default test -->
  </suite> <!-- Default suite -->
</testng-results>
